Arguments: 
  /usr/local/bin/node /usr/local/bin/yarn

PATH: 
  /Library/Frameworks/Python.framework/Versions/3.6/bin:/usr/local/bin:/usr/bin:/bin:/usr/sbin:/sbin:/usr/local/go/bin

Yarn version: 
  0.27.5

Node version: 
  8.0.0

Platform: 
  darwin x64

npm manifest: 
  {
    "name": "animation",
    "version": "1.0.0",
    "description": "",
    "main": "index.js",
    "scripts": {
      "test": "echo \"Error: no test specified\" && exit 1",
      "gulp": "gulp",
      "start": "gulp dev",
      "build": "NODE_ENV=production gulp"
    },
    "author": "",
    "license": "ISC",
    "dependencies": {
      "autoprefixer": "^8.5.2",
      "babel-core": "^6.26.3",
      "babel-plugin-transform-es2015-modules-commonjs": "^6.26.2",
      "babel-plugin-transform-runtime": "^6.23.0",
      "babel-preset-es2015": "^6.24.1",
      "babel-preset-stage-1": "^6.24.1",
      "browser-sync": "^2.24.4",
      "cssnano": "^3.10.0",
      "gulp": "^3.9.1",
      "gulp-babel": "^7.0.1",
      "gulp-browserify": "^0.5.1",
      "gulp-htmlmin": "^4.0.0",
      "gulp-if": "^2.0.2",
      "gulp-less": "^3.5.0",
      "gulp-postcss": "^7.0.1",
      "gulp-uglify": "^3.0.0"
    }
  }

yarn manifest: 
  No manifest

Lockfile: 
  No lockfile

Trace: 
  Error: getaddrinfo ENOTFOUND r.npm.sankuai.com r.npm.sankuai.com:80
      at errnoException (dns.js:50:10)
      at GetAddrInfoReqWrap.onlookup [as oncomplete] (dns.js:95:26)
